#
# A fatal error has been detected by the Java Runtime Environment:
#
#  SIGSEGV (0xb) at pc=0x0000000000000000, pid=2419, tid=0x0000000000010a07
#
# JRE version: Java(TM) SE Runtime Environment (8.0_121-b13) (build 1.8.0_121-b13)
# Java VM: Java HotSpot(TM) 64-Bit Server VM (25.121-b13 mixed mode bsd-amd64 compressed oops)
# Problematic frame:
# C  0x0000000000000000
#
# Failed to write core dump. Core dumps have been disabled. To enable core dumping, try "ulimit -c unlimited" before starting Java again
#
# If you would like to submit a bug report, please visit:
#   http://bugreport.java.com/bugreport/crash.jsp
#

---------------  T H R E A D  ---------------

Current thread is native thread

siginfo: si_signo: 11 (SIGSEGV), si_code: 1 (SEGV_MAPERR), si_addr: 0x0000000000000000

Registers:
RAX=0x00000001279c9508, RBX=0x00000000000161b0, RCX=0x0000000000000010, RDX=0xfffffffffffffff0
RSP=0x00007000027269e8, RBP=0x0000700002726a90, RSI=0x0000000000000000, RDI=0x00007ff66bafa400
R8 =0x0000000000000200, R9 =0x00007ff66ad936e0, R10=0x00007ff66ba95c28, R11=0x0000000000006560
R12=0x0000000000000200, R13=0x00007ff66bafa400, R14=0x00007ff66ad8d180, R15=0x0000000000000800
RIP=0x0000000000000000, EFLAGS=0x0000000000010246, ERR=0x0000000000000014
  TRAPNO=0x000000000000000e

Top of Stack: (sp=0x00007000027269e8)
0x00007000027269e8:   000000012799b639 000000010ae12000
0x00007000027269f8:   0000000000000001 00007ff66bb025b0
0x0000700002726a08:   0000000127bef010 00007ff66bb005b0
0x0000700002726a18:   00000200d4408472 0000000000000000
0x0000700002726a28:   0000000000000800 0000000000000200
0x0000700002726a38:   00007ff66bafe5b0 00007ff66bafa400
0x0000700002726a48:   0000020000000000 0000000000000003
0x0000700002726a58:   000000000000037f 4454143fa41800ef
0x0000700002726a68:   00007ff66ad8c8d0 0000000000000200
0x0000700002726a78:   00007ff66ad8cbd8 00007ff66ad8d180
0x0000700002726a88:   00007ff66ad936e0 0000700002726aa0
0x0000700002726a98:   00000001279ab2ef 0000700002726b20
0x0000700002726aa8:   00000001279f21a9 000000010ae12000
0x0000700002726ab8:   00007ff66ad8c948 00007ff66ba95a00
0x0000700002726ac8:   00007ff66ba95bf8 00007ff66ad8c8d0
0x0000700002726ad8:   0000000000000001 0000700002726c58
0x0000700002726ae8:   0000700002726c38 0000020000000000
0x0000700002726af8:   0000700002726c38 00007ff66ba95a00
0x0000700002726b08:   00007ff66ad8cb60 00007ff66ae99ea0
0x0000700002726b18:   0000000000000200 0000700002726b70
0x0000700002726b28:   0000000127aff034 0000700002726c10
0x0000700002726b38:   0000700002726c58 0000000002726b60
0x0000700002726b48:   0000000000000000 00007ff66ba95a00
0x0000700002726b58:   0000000000000000 0000000000000200
0x0000700002726b68:   00007ff66ae99ea0 0000700002726be0
0x0000700002726b78:   0000000127afed34 00007ff66ae99ea0
0x0000700002726b88:   00007ff66ad8cb60 0000700002726c38
0x0000700002726b98:   00007ff66ae99ea0 00001fa00c9243a4
0x0000700002726ba8:   0000700002726c58 00009fe000000000
0x0000700002726bb8:   00007ff66ba95a00 00007ff66ae99ea0
0x0000700002726bc8:   00007ff66ae95770 0000000000000200
0x0000700002726bd8:   0000000000000200 0000700002726cd0 

Instructions: (pc=0x0000000000000000)
0xffffffffffffffe0:   

Register to memory mapping:

RAX=0x00000001279c9508: PlaybackBackend+0x20 in /var/folders/yk/tnz2_0y52ll6ywm7zqqc9yd00000gv/T/libgdxcodecadet/f7649394/openal.dylib at 0x0000000127980000
RBX=0x00000000000161b0 is an unknown value
RCX=0x0000000000000010 is an unknown value
RDX=0xfffffffffffffff0 is an unknown value
RSP=0x00007000027269e8 is an unknown value
RBP=0x0000700002726a90 is an unknown value
RSI=0x0000000000000000 is an unknown value
RDI=0x00007ff66bafa400 is an unknown value
R8 =0x0000000000000200 is an unknown value
R9 =0x00007ff66ad936e0 is an unknown value
R10=0x00007ff66ba95c28 is an unknown value
R11=0x0000000000006560 is an unknown value
R12=0x0000000000000200 is an unknown value
R13=0x00007ff66bafa400 is an unknown value
R14=0x00007ff66ad8d180 is an unknown value
R15=0x0000000000000800 is an unknown value


Stack: [0x00007000026a7000,0x0000700002727000],  sp=0x00007000027269e8,  free space=510k

---------------  P R O C E S S  ---------------

VM state:at safepoint (shutting down)

VM Mutex/Monitor currently owned by a thread:  ([mutex/lock_event])
[0x00007ff66ac10030] Threads_lock - owner thread: 0x00007ff66b01d000

Heap:
 PSYoungGen      total 38400K, used 10732K [0x0000000795580000, 0x0000000798000000, 0x00000007c0000000)
  eden space 33280K, 21% used [0x0000000795580000,0x0000000795c6ff28,0x0000000797600000)
  from space 5120K, 70% used [0x0000000797600000,0x000000079798b228,0x0000000797b00000)
  to   space 5120K, 0% used [0x0000000797b00000,0x0000000797b00000,0x0000000798000000)
 ParOldGen       total 87552K, used 55236K [0x0000000740000000, 0x0000000745580000, 0x0000000795580000)
  object space 87552K, 63% used [0x0000000740000000,0x00000007435f1010,0x0000000745580000)
 Metaspace       used 9036K, capacity 9207K, committed 9472K, reserved 1058816K
  class space    used 885K, capacity 952K, committed 1024K, reserved 1048576K

Card table byte_map: [0x000000010cb62000,0x000000010cf63000] byte_map_base: 0x0000000109162000

Marking Bits: (ParMarkBitMap*) 0x000000010c0f0d30
